<?xml version="1.0" encoding="UTF-8"?>
<coverage generated="1420021076013" clover="3.1.12">
   <project timestamp="1420021065061" name="ems 1.0">
      <metrics conditionals="8" methods="26" classes="7" files="7" packages="4" coveredstatements="62" complexity="30" loc="277" ncloc="203" coveredmethods="26" coveredconditionals="8" statements="62" coveredelements="96" elements="96"/>
      <package name="com.sample.mvc.service">
         <metrics classes="1" methods="6" conditionals="8" files="1" ncloc="52" coveredstatements="24" coveredmethods="6" complexity="10" coveredconditionals="8" statements="24" loc="63" coveredelements="38" elements="38"/>
         <file name="EmployeeService.java" path="D:\new workspace\EmpployeeManagementSystem\src\main\java\com\sample\mvc\service\EmployeeService.java">
            <metrics classes="1" methods="6" conditionals="8" ncloc="52" coveredstatements="24" coveredmethods="6" complexity="10" coveredconditionals="8" statements="24" loc="63" coveredelements="38" elements="38"/>
            <class name="EmployeeService">
               <metrics methods="6" conditionals="8" coveredstatements="24" coveredmethods="6" complexity="10" coveredconditionals="8" statements="24" coveredelements="38" elements="38"/>
            </class>
            <line num="13" count="15" visibility="public" complexity="1" type="method" signature="setEmployeeList(List&lt;Employee&gt;) : void"/>
            <line num="14" count="15" type="stmt"/>
            <line num="17" count="6" visibility="public" complexity="1" type="method" signature="getEmployeeList() : List&lt;Employee&gt;"/>
            <line num="18" count="6" type="stmt"/>
            <line num="21" count="3" visibility="public" complexity="2" type="method" signature="findByEmployeeCode(int) : Employee"/>
            <line num="22" count="3" type="stmt"/>
            <line num="23" count="4" type="stmt"/>
            <line num="23" falsecount="2" type="cond" truecount="2"/>
            <line num="24" count="2" type="stmt"/>
            <line num="27" count="1" type="stmt"/>
            <line num="30" count="3" visibility="public" complexity="1" type="method" signature="addEmployee(Employee) : void"/>
            <line num="31" count="3" type="stmt"/>
            <line num="32" count="3" type="stmt"/>
            <line num="33" count="3" type="stmt"/>
            <line num="34" count="3" type="stmt"/>
            <line num="35" count="3" type="stmt"/>
            <line num="38" count="6" visibility="public" complexity="3" type="method" signature="deleteEmployee(int) : boolean"/>
            <line num="40" count="6" type="stmt"/>
            <line num="41" count="6" type="stmt"/>
            <line num="42" count="6" type="stmt"/>
            <line num="42" falsecount="6" type="cond" truecount="12"/>
            <line num="44" count="12" type="stmt"/>
            <line num="45" count="12" type="stmt"/>
            <line num="45" falsecount="8" type="cond" truecount="4"/>
            <line num="47" count="4" type="stmt"/>
            <line num="48" count="4" type="stmt"/>
            <line num="51" count="6" type="stmt"/>
            <line num="54" count="3" visibility="public" complexity="2" type="method" signature="editEmployee(Employee) : boolean"/>
            <line num="56" count="3" type="stmt"/>
            <line num="57" count="3" type="stmt"/>
            <line num="58" count="3" type="stmt"/>
            <line num="58" falsecount="1" type="cond" truecount="2"/>
            <line num="59" count="2" type="stmt"/>
            <line num="61" count="3" type="stmt"/>
         </file>
      </package>
      <package name="com.sample.mvc.domain">
         <metrics classes="1" methods="6" conditionals="0" files="1" ncloc="24" coveredstatements="6" coveredmethods="6" complexity="6" coveredconditionals="0" statements="6" loc="33" coveredelements="12" elements="12"/>
         <file name="Employee.java" path="D:\new workspace\EmpployeeManagementSystem\src\main\java\com\sample\mvc\domain\Employee.java">
            <metrics classes="1" methods="6" conditionals="0" ncloc="24" coveredstatements="6" coveredmethods="6" complexity="6" coveredconditionals="0" statements="6" loc="33" coveredelements="12" elements="12"/>
            <class name="Employee">
               <metrics methods="6" conditionals="0" coveredstatements="6" coveredmethods="6" complexity="6" coveredconditionals="0" statements="6" coveredelements="12" elements="12"/>
            </class>
            <line num="9" count="3" visibility="public" complexity="1" type="method" signature="getName() : String"/>
            <line num="10" count="3" type="stmt"/>
            <line num="13" count="32" visibility="public" complexity="1" type="method" signature="setName(String) : void"/>
            <line num="14" count="32" type="stmt"/>
            <line num="17" count="25" visibility="public" complexity="1" type="method" signature="getCode() : int"/>
            <line num="18" count="25" type="stmt"/>
            <line num="21" count="33" visibility="public" complexity="1" type="method" signature="setCode(int) : void"/>
            <line num="22" count="33" type="stmt"/>
            <line num="25" count="4" visibility="public" complexity="1" type="method" signature="getCity() : String"/>
            <line num="26" count="4" type="stmt"/>
            <line num="29" count="27" visibility="public" complexity="1" type="method" signature="setCity(String) : void"/>
            <line num="30" count="27" type="stmt"/>
         </file>
      </package>
      <package name="com.sample.mvc.command">
         <metrics classes="1" methods="6" conditionals="0" files="1" ncloc="24" coveredstatements="6" coveredmethods="6" complexity="6" coveredconditionals="0" statements="6" loc="33" coveredelements="12" elements="12"/>
         <file name="EmployeeCommand.java" path="D:\new workspace\EmpployeeManagementSystem\src\main\java\com\sample\mvc\command\EmployeeCommand.java">
            <metrics classes="1" methods="6" conditionals="0" ncloc="24" coveredstatements="6" coveredmethods="6" complexity="6" coveredconditionals="0" statements="6" loc="33" coveredelements="12" elements="12"/>
            <class name="EmployeeCommand">
               <metrics methods="6" conditionals="0" coveredstatements="6" coveredmethods="6" complexity="6" coveredconditionals="0" statements="6" coveredelements="12" elements="12"/>
            </class>
            <line num="9" count="4" visibility="public" complexity="1" type="method" signature="getName() : String"/>
            <line num="10" count="4" type="stmt"/>
            <line num="13" count="5" visibility="public" complexity="1" type="method" signature="setName(String) : void"/>
            <line num="14" count="5" type="stmt"/>
            <line num="17" count="5" visibility="public" complexity="1" type="method" signature="getCode() : int"/>
            <line num="18" count="5" type="stmt"/>
            <line num="21" count="5" visibility="public" complexity="1" type="method" signature="setCode(int) : void"/>
            <line num="22" count="5" type="stmt"/>
            <line num="25" count="2" visibility="public" complexity="1" type="method" signature="getCity() : String"/>
            <line num="26" count="2" type="stmt"/>
            <line num="29" count="5" visibility="public" complexity="1" type="method" signature="setCity(String) : void"/>
            <line num="30" count="5" type="stmt"/>
         </file>
      </package>
      <package name="com.sample.mvc.controller">
         <metrics classes="4" methods="8" conditionals="0" files="4" ncloc="103" coveredstatements="26" coveredmethods="8" complexity="8" coveredconditionals="0" statements="26" loc="148" coveredelements="34" elements="34"/>
         <file name="EmployeeAddController.java" path="D:\new workspace\EmpployeeManagementSystem\src\main\java\com\sample\mvc\controller\EmployeeAddController.java">
            <metrics classes="1" methods="2" conditionals="0" ncloc="28" coveredstatements="8" coveredmethods="2" complexity="2" coveredconditionals="0" statements="8" loc="39" coveredelements="10" elements="10"/>
            <class name="EmployeeAddController">
               <metrics methods="2" conditionals="0" coveredstatements="8" coveredmethods="2" complexity="2" coveredconditionals="0" statements="8" coveredelements="10" elements="10"/>
            </class>
            <line num="19" count="1" visibility="public" complexity="1" type="method" signature="setEmployeeService(EmployeeService) : void"/>
            <line num="20" count="1" type="stmt"/>
            <line num="26" count="1" visibility="protected" complexity="1" type="method" signature="onSubmit(HttpServletRequest,HttpServletResponse,Object,BindException) : ModelAndView"/>
            <line num="31" count="1" type="stmt"/>
            <line num="32" count="1" type="stmt"/>
            <line num="33" count="1" type="stmt"/>
            <line num="34" count="1" type="stmt"/>
            <line num="35" count="1" type="stmt"/>
            <line num="36" count="1" type="stmt"/>
            <line num="37" count="1" type="stmt"/>
         </file>
         <file name="EmployeeController.java" path="D:\new workspace\EmpployeeManagementSystem\src\main\java\com\sample\mvc\controller\EmployeeController.java">
            <metrics classes="1" methods="2" conditionals="0" ncloc="21" coveredstatements="4" coveredmethods="2" complexity="2" coveredconditionals="0" statements="4" loc="33" coveredelements="6" elements="6"/>
            <class name="EmployeeController">
               <metrics methods="2" conditionals="0" coveredstatements="4" coveredmethods="2" complexity="2" coveredconditionals="0" statements="4" coveredelements="6" elements="6"/>
            </class>
            <line num="19" count="2" visibility="public" complexity="1" type="method" signature="setEmployeeService(EmployeeService) : void"/>
            <line num="20" count="2" type="stmt"/>
            <line num="23" count="1" visibility="protected" complexity="1" type="method" signature="handleRequestInternal(HttpServletRequest,HttpServletResponse) : ModelAndView"/>
            <line num="27" count="1" type="stmt"/>
            <line num="28" count="1" type="stmt"/>
            <line num="30" count="1" type="stmt"/>
         </file>
         <file name="EmployeeDeleteController.java" path="D:\new workspace\EmpployeeManagementSystem\src\main\java\com\sample\mvc\controller\EmployeeDeleteController.java">
            <metrics classes="1" methods="2" conditionals="0" ncloc="26" coveredstatements="6" coveredmethods="2" complexity="2" coveredconditionals="0" statements="6" loc="37" coveredelements="8" elements="8"/>
            <class name="EmployeeDeleteController">
               <metrics methods="2" conditionals="0" coveredstatements="6" coveredmethods="2" complexity="2" coveredconditionals="0" statements="6" coveredelements="8" elements="8"/>
            </class>
            <line num="19" count="2" visibility="public" complexity="1" type="method" signature="setEmployeeService(EmployeeService) : void"/>
            <line num="20" count="2" type="stmt"/>
            <line num="26" count="1" visibility="protected" complexity="1" type="method" signature="onSubmit(HttpServletRequest,HttpServletResponse,Object,BindException) : ModelAndView"/>
            <line num="31" count="1" type="stmt"/>
            <line num="32" count="1" type="stmt"/>
            <line num="33" count="1" type="stmt"/>
            <line num="34" count="1" type="stmt"/>
            <line num="35" count="1" type="stmt"/>
         </file>
         <file name="EmployeeEditController.java" path="D:\new workspace\EmpployeeManagementSystem\src\main\java\com\sample\mvc\controller\EmployeeEditController.java">
            <metrics classes="1" methods="2" conditionals="0" ncloc="28" coveredstatements="8" coveredmethods="2" complexity="2" coveredconditionals="0" statements="8" loc="39" coveredelements="10" elements="10"/>
            <class name="EmployeeEditController">
               <metrics methods="2" conditionals="0" coveredstatements="8" coveredmethods="2" complexity="2" coveredconditionals="0" statements="8" coveredelements="10" elements="10"/>
            </class>
            <line num="19" count="2" visibility="public" complexity="1" type="method" signature="setEmployeeService(EmployeeService) : void"/>
            <line num="20" count="2" type="stmt"/>
            <line num="26" count="1" visibility="protected" complexity="1" type="method" signature="onSubmit(HttpServletRequest,HttpServletResponse,Object,BindException) : ModelAndView"/>
            <line num="31" count="1" type="stmt"/>
            <line num="32" count="1" type="stmt"/>
            <line num="33" count="1" type="stmt"/>
            <line num="34" count="1" type="stmt"/>
            <line num="35" count="1" type="stmt"/>
            <line num="36" count="1" type="stmt"/>
            <line num="37" count="1" type="stmt"/>
         </file>
      </package>
   </project>
   <testproject timestamp="1420021065061" name="ems 1.0">
      <metrics conditionals="0" methods="30" classes="5" files="5" packages="2" coveredstatements="244" complexity="34" loc="588" ncloc="453" coveredmethods="28" coveredconditionals="0" statements="252" coveredelements="272" elements="282"/>
      <package name="com.sample.mvc.service">
         <metrics classes="1" methods="8" conditionals="0" files="1" ncloc="135" coveredstatements="96" coveredmethods="8" complexity="8" coveredconditionals="0" statements="96" loc="170" coveredelements="104" elements="104"/>
         <file name="EmployeeServiceTest.java" path="D:\new workspace\EmpployeeManagementSystem\src\test\java\com\sample\mvc\service\EmployeeServiceTest.java">
            <metrics classes="1" methods="8" conditionals="0" ncloc="135" coveredstatements="96" coveredmethods="8" complexity="8" coveredconditionals="0" statements="96" loc="170" coveredelements="104" elements="104"/>
            <class name="EmployeeServiceTest">
               <metrics conditionals="0" methods="8" coveredstatements="96" complexity="8" testpasses="8" testruns="8" coveredmethods="8" coveredconditionals="0" statements="96" testfailures="0" coveredelements="104" testduration="0.0" elements="104"/>
            </class>
            <line num="26" testsuccess="true" count="1" visibility="public" complexity="1" type="method" testduration="0.0" signature="testAddTrue() : void"/>
            <line num="28" count="1" type="stmt"/>
            <line num="29" count="1" type="stmt"/>
            <line num="30" count="1" type="stmt"/>
            <line num="31" count="1" type="stmt"/>
            <line num="32" count="1" type="stmt"/>
            <line num="33" count="1" type="stmt"/>
            <line num="34" count="1" type="stmt"/>
            <line num="35" count="1" type="stmt"/>
            <line num="36" count="1" type="stmt"/>
            <line num="37" count="1" type="stmt"/>
            <line num="44" testsuccess="true" count="1" visibility="public" complexity="1" type="method" testduration="0.0" signature="testAddFalse() : void"/>
            <line num="46" count="1" type="stmt"/>
            <line num="47" count="1" type="stmt"/>
            <line num="48" count="1" type="stmt"/>
            <line num="49" count="1" type="stmt"/>
            <line num="50" count="1" type="stmt"/>
            <line num="51" count="1" type="stmt"/>
            <line num="52" count="1" type="stmt"/>
            <line num="58" testsuccess="true" count="1" visibility="public" complexity="1" type="method" testduration="0.0" signature="findByEmployeeCodeTrue() : void"/>
            <line num="61" count="1" type="stmt"/>
            <line num="62" count="1" type="stmt"/>
            <line num="63" count="1" type="stmt"/>
            <line num="64" count="1" type="stmt"/>
            <line num="65" count="1" type="stmt"/>
            <line num="66" count="1" type="stmt"/>
            <line num="67" count="1" type="stmt"/>
            <line num="68" count="1" type="stmt"/>
            <line num="70" count="1" type="stmt"/>
            <line num="71" count="1" type="stmt"/>
            <line num="78" testsuccess="true" count="1" visibility="public" complexity="1" type="method" testduration="0.0" signature="findByEmployeeCodeFalse() : void"/>
            <line num="81" count="1" type="stmt"/>
            <line num="82" count="1" type="stmt"/>
            <line num="83" count="1" type="stmt"/>
            <line num="84" count="1" type="stmt"/>
            <line num="85" count="1" type="stmt"/>
            <line num="86" count="1" type="stmt"/>
            <line num="87" count="1" type="stmt"/>
            <line num="88" count="1" type="stmt"/>
            <line num="90" count="1" type="stmt"/>
            <line num="91" count="1" type="stmt"/>
            <line num="92" count="1" type="stmt"/>
            <line num="95" testsuccess="true" count="1" visibility="public" complexity="1" type="method" testduration="0.0" signature="deleteEmployeeTrue() : void"/>
            <line num="97" count="1" type="stmt"/>
            <line num="98" count="1" type="stmt"/>
            <line num="99" count="1" type="stmt"/>
            <line num="100" count="1" type="stmt"/>
            <line num="101" count="1" type="stmt"/>
            <line num="102" count="1" type="stmt"/>
            <line num="103" count="1" type="stmt"/>
            <line num="104" count="1" type="stmt"/>
            <line num="105" count="1" type="stmt"/>
            <line num="106" count="1" type="stmt"/>
            <line num="107" count="1" type="stmt"/>
            <line num="108" count="1" type="stmt"/>
            <line num="109" count="1" type="stmt"/>
            <line num="112" testsuccess="true" count="1" visibility="public" complexity="1" type="method" testduration="0.0" signature="deleteEmployeeFalse() : void"/>
            <line num="114" count="1" type="stmt"/>
            <line num="115" count="1" type="stmt"/>
            <line num="116" count="1" type="stmt"/>
            <line num="117" count="1" type="stmt"/>
            <line num="118" count="1" type="stmt"/>
            <line num="119" count="1" type="stmt"/>
            <line num="120" count="1" type="stmt"/>
            <line num="121" count="1" type="stmt"/>
            <line num="122" count="1" type="stmt"/>
            <line num="123" count="1" type="stmt"/>
            <line num="124" count="1" type="stmt"/>
            <line num="125" count="1" type="stmt"/>
            <line num="126" count="1" type="stmt"/>
            <line num="129" testsuccess="true" count="1" visibility="public" complexity="1" type="method" testduration="0.0" signature="editEmployeeTrue() : void"/>
            <line num="131" count="1" type="stmt"/>
            <line num="132" count="1" type="stmt"/>
            <line num="133" count="1" type="stmt"/>
            <line num="134" count="1" type="stmt"/>
            <line num="135" count="1" type="stmt"/>
            <line num="136" count="1" type="stmt"/>
            <line num="137" count="1" type="stmt"/>
            <line num="138" count="1" type="stmt"/>
            <line num="139" count="1" type="stmt"/>
            <line num="141" count="1" type="stmt"/>
            <line num="142" count="1" type="stmt"/>
            <line num="143" count="1" type="stmt"/>
            <line num="144" count="1" type="stmt"/>
            <line num="145" count="1" type="stmt"/>
            <line num="146" count="1" type="stmt"/>
            <line num="147" count="1" type="stmt"/>
            <line num="150" testsuccess="true" count="1" visibility="public" complexity="1" type="method" testduration="0.0" signature="editEmployeeFalse() : void"/>
            <line num="152" count="1" type="stmt"/>
            <line num="153" count="1" type="stmt"/>
            <line num="154" count="1" type="stmt"/>
            <line num="155" count="1" type="stmt"/>
            <line num="156" count="1" type="stmt"/>
            <line num="157" count="1" type="stmt"/>
            <line num="158" count="1" type="stmt"/>
            <line num="159" count="1" type="stmt"/>
            <line num="160" count="1" type="stmt"/>
            <line num="162" count="1" type="stmt"/>
            <line num="163" count="1" type="stmt"/>
            <line num="164" count="1" type="stmt"/>
            <line num="165" count="1" type="stmt"/>
            <line num="166" count="1" type="stmt"/>
            <line num="167" count="1" type="stmt"/>
            <line num="168" count="1" type="stmt"/>
         </file>
      </package>
      <package name="com.sample.mvc.controller">
         <metrics classes="4" methods="22" conditionals="0" files="4" ncloc="318" coveredstatements="148" coveredmethods="20" complexity="26" coveredconditionals="0" statements="156" loc="418" coveredelements="168" elements="178"/>
         <file name="EmployeeAddControllerTest.java" path="D:\new workspace\EmpployeeManagementSystem\src\test\java\com\sample\mvc\controller\EmployeeAddControllerTest.java">
            <metrics classes="1" methods="5" conditionals="0" ncloc="69" coveredstatements="26" coveredmethods="3" complexity="6" coveredconditionals="0" statements="30" loc="112" coveredelements="29" elements="35"/>
            <class name="EmployeeAddControllerTest">
               <metrics conditionals="0" methods="5" coveredstatements="26" complexity="6" testpasses="3" testruns="3" coveredmethods="3" coveredconditionals="0" statements="30" testfailures="0" coveredelements="29" testduration="0.062" elements="35"/>
            </class>
            <line num="63" count="0" visibility="private" complexity="1" type="method" signature="mock(Class&lt;HttpServletRequest&gt;) : HttpServletRequest"/>
            <line num="64" count="0" type="stmt"/>
            <line num="67" count="0" visibility="private" complexity="1" type="method" signature="mock2(Class&lt;HttpServletResponse&gt;) : HttpServletResponse"/>
            <line num="68" count="0" type="stmt"/>
            <line num="71" testsuccess="true" count="1" visibility="public" complexity="1" type="method" testduration="0.0" signature="testSetEmployeeService() : void"/>
            <line num="73" count="1" type="stmt"/>
            <line num="74" count="1" type="stmt"/>
            <line num="77" testsuccess="true" count="1" visibility="public" complexity="2" type="method" testduration="0.062" signature="testOnsubmit() : void"/>
            <line num="79" count="1" type="stmt"/>
            <line num="80" count="1" type="stmt"/>
            <line num="81" count="1" type="stmt"/>
            <line num="82" count="1" type="stmt"/>
            <line num="83" count="1" type="stmt"/>
            <line num="84" count="1" type="stmt"/>
            <line num="85" count="1" type="stmt"/>
            <line num="86" count="1" type="stmt"/>
            <line num="87" count="1" type="stmt"/>
            <line num="88" count="1" type="stmt"/>
            <line num="89" count="1" type="stmt"/>
            <line num="90" count="1" type="stmt"/>
            <line num="91" count="1" type="stmt"/>
            <line num="92" count="1" type="stmt"/>
            <line num="93" count="1" type="stmt"/>
            <line num="94" count="1" type="stmt"/>
            <line num="95" count="1" type="stmt"/>
            <line num="96" count="1" type="stmt"/>
            <line num="98" count="0" type="stmt"/>
            <line num="99" count="0" type="stmt"/>
            <line num="101" count="1" type="stmt"/>
            <line num="104" testsuccess="true" count="1" visibility="public" complexity="1" type="method" testduration="0.0" signature="testOnsubmitCode() : void"/>
            <line num="106" count="1" type="stmt"/>
            <line num="107" count="1" type="stmt"/>
            <line num="108" count="1" type="stmt"/>
            <line num="109" count="1" type="stmt"/>
            <line num="110" count="1" type="stmt"/>
         </file>
         <file name="EmployeeControllerTest.java" path="D:\new workspace\EmpployeeManagementSystem\src\test\java\com\sample\mvc\controller\EmployeeControllerTest.java">
            <metrics classes="1" methods="5" conditionals="0" ncloc="64" coveredstatements="28" coveredmethods="5" complexity="6" coveredconditionals="0" statements="29" loc="84" coveredelements="33" elements="34"/>
            <class name="EmployeeControllerTest">
               <metrics conditionals="0" methods="5" coveredstatements="28" complexity="6" testpasses="3" testruns="3" coveredmethods="5" coveredconditionals="0" statements="29" testfailures="0" coveredelements="33" testduration="0.015" elements="34"/>
            </class>
            <line num="35" testsuccess="true" count="1" visibility="public" complexity="1" type="method" testduration="0.015" signature="testEmployeeControllerTrue() : void"/>
            <line num="37" count="1" type="stmt"/>
            <line num="38" count="1" type="stmt"/>
            <line num="39" count="1" type="stmt"/>
            <line num="40" count="1" type="stmt"/>
            <line num="41" count="1" type="stmt"/>
            <line num="42" count="1" type="stmt"/>
            <line num="43" count="1" type="stmt"/>
            <line num="44" count="1" type="stmt"/>
            <line num="45" count="1" type="stmt"/>
            <line num="46" count="1" type="stmt"/>
            <line num="50" count="1" visibility="private" complexity="1" type="method" signature="mock(Class&lt;HttpServletRequest&gt;) : HttpServletRequest"/>
            <line num="51" count="1" type="stmt"/>
            <line num="54" count="1" visibility="private" complexity="1" type="method" signature="mock2(Class&lt;HttpServletResponse&gt;) : HttpServletResponse"/>
            <line num="55" count="1" type="stmt"/>
            <line num="58" testsuccess="true" count="1" visibility="public" complexity="1" type="method" testduration="0.0" signature="testSetEmployeeService() : void"/>
            <line num="60" count="1" type="stmt"/>
            <line num="61" count="1" type="stmt"/>
            <line num="64" testsuccess="true" count="1" visibility="public" complexity="2" type="method" testduration="0.0" signature="testHandleRequestInternal() : void"/>
            <line num="66" count="1" type="stmt"/>
            <line num="67" count="1" type="stmt"/>
            <line num="68" count="1" type="stmt"/>
            <line num="69" count="1" type="stmt"/>
            <line num="70" count="1" type="stmt"/>
            <line num="71" count="1" type="stmt"/>
            <line num="72" count="1" type="stmt"/>
            <line num="73" count="1" type="stmt"/>
            <line num="74" count="1" type="stmt"/>
            <line num="75" count="1" type="stmt"/>
            <line num="76" count="1" type="stmt"/>
            <line num="77" count="1" type="stmt"/>
            <line num="78" count="1" type="stmt"/>
            <line num="79" count="1" type="stmt"/>
            <line num="81" count="0" type="stmt"/>
         </file>
         <file name="EmployeeDeleteControllerTest.java" path="D:\new workspace\EmpployeeManagementSystem\src\test\java\com\sample\mvc\controller\EmployeeDeleteControllerTest.java">
            <metrics classes="1" methods="6" conditionals="0" ncloc="90" coveredstatements="47" coveredmethods="6" complexity="7" coveredconditionals="0" statements="48" loc="108" coveredelements="53" elements="54"/>
            <class name="EmployeeDeleteControllerTest">
               <metrics conditionals="0" methods="6" coveredstatements="47" complexity="7" testpasses="4" testruns="4" coveredmethods="6" coveredconditionals="0" statements="48" testfailures="0" coveredelements="53" testduration="0.0" elements="54"/>
            </class>
            <line num="36" testsuccess="true" count="1" visibility="public" complexity="1" type="method" testduration="0.0" signature="testEmployeeDeleteControllerTrue() : void"/>
            <line num="38" count="1" type="stmt"/>
            <line num="39" count="1" type="stmt"/>
            <line num="40" count="1" type="stmt"/>
            <line num="41" count="1" type="stmt"/>
            <line num="42" count="1" type="stmt"/>
            <line num="43" count="1" type="stmt"/>
            <line num="44" count="1" type="stmt"/>
            <line num="45" count="1" type="stmt"/>
            <line num="46" count="1" type="stmt"/>
            <line num="47" count="1" type="stmt"/>
            <line num="48" count="1" type="stmt"/>
            <line num="49" count="1" type="stmt"/>
            <line num="50" count="1" type="stmt"/>
            <line num="51" count="1" type="stmt"/>
            <line num="52" count="1" type="stmt"/>
            <line num="53" count="1" type="stmt"/>
            <line num="54" count="1" type="stmt"/>
            <line num="56" count="1" type="stmt"/>
            <line num="57" count="1" type="stmt"/>
            <line num="60" count="1" visibility="private" complexity="1" type="method" signature="mock(Class&lt;HttpServletRequest&gt;) : HttpServletRequest"/>
            <line num="61" count="1" type="stmt"/>
            <line num="64" count="1" visibility="private" complexity="1" type="method" signature="mock2(Class&lt;HttpServletResponse&gt;) : HttpServletResponse"/>
            <line num="65" count="1" type="stmt"/>
            <line num="68" testsuccess="true" count="1" visibility="public" complexity="1" type="method" testduration="0.0" signature="testSetEmployeeService() : void"/>
            <line num="70" count="1" type="stmt"/>
            <line num="71" count="1" type="stmt"/>
            <line num="74" testsuccess="true" count="1" visibility="public" complexity="2" type="method" testduration="0.0" signature="testOnsubmit() : void"/>
            <line num="76" count="1" type="stmt"/>
            <line num="77" count="1" type="stmt"/>
            <line num="78" count="1" type="stmt"/>
            <line num="79" count="1" type="stmt"/>
            <line num="80" count="1" type="stmt"/>
            <line num="81" count="1" type="stmt"/>
            <line num="82" count="1" type="stmt"/>
            <line num="83" count="1" type="stmt"/>
            <line num="84" count="1" type="stmt"/>
            <line num="85" count="1" type="stmt"/>
            <line num="86" count="1" type="stmt"/>
            <line num="87" count="1" type="stmt"/>
            <line num="88" count="1" type="stmt"/>
            <line num="89" count="1" type="stmt"/>
            <line num="90" count="1" type="stmt"/>
            <line num="91" count="1" type="stmt"/>
            <line num="92" count="1" type="stmt"/>
            <line num="93" count="1" type="stmt"/>
            <line num="95" count="0" type="stmt"/>
            <line num="97" count="1" type="stmt"/>
            <line num="100" testsuccess="true" count="1" visibility="public" complexity="1" type="method" testduration="0.0" signature="testOnsubmitCode() : void"/>
            <line num="102" count="1" type="stmt"/>
            <line num="103" count="1" type="stmt"/>
            <line num="104" count="1" type="stmt"/>
            <line num="105" count="1" type="stmt"/>
            <line num="106" count="1" type="stmt"/>
         </file>
         <file name="EmployeeEditControllerTest.java" path="D:\new workspace\EmpployeeManagementSystem\src\test\java\com\sample\mvc\controller\EmployeeEditControllerTest.java">
            <metrics classes="1" methods="6" conditionals="0" ncloc="95" coveredstatements="47" coveredmethods="6" complexity="7" coveredconditionals="0" statements="49" loc="114" coveredelements="53" elements="55"/>
            <class name="EmployeeEditControllerTest">
               <metrics conditionals="0" methods="6" coveredstatements="47" complexity="7" testpasses="4" testruns="4" coveredmethods="6" coveredconditionals="0" statements="49" testfailures="0" coveredelements="53" testduration="0.016" elements="55"/>
            </class>
            <line num="40" testsuccess="true" count="1" visibility="public" complexity="1" type="method" testduration="0.0" signature="testEmployeeEditControllerTrue() : void"/>
            <line num="42" count="1" type="stmt"/>
            <line num="43" count="1" type="stmt"/>
            <line num="44" count="1" type="stmt"/>
            <line num="45" count="1" type="stmt"/>
            <line num="46" count="1" type="stmt"/>
            <line num="47" count="1" type="stmt"/>
            <line num="48" count="1" type="stmt"/>
            <line num="49" count="1" type="stmt"/>
            <line num="50" count="1" type="stmt"/>
            <line num="51" count="1" type="stmt"/>
            <line num="52" count="1" type="stmt"/>
            <line num="53" count="1" type="stmt"/>
            <line num="54" count="1" type="stmt"/>
            <line num="55" count="1" type="stmt"/>
            <line num="56" count="1" type="stmt"/>
            <line num="57" count="1" type="stmt"/>
            <line num="58" count="1" type="stmt"/>
            <line num="60" count="1" type="stmt"/>
            <line num="61" count="1" type="stmt"/>
            <line num="64" count="1" visibility="private" complexity="1" type="method" signature="mock(Class&lt;HttpServletRequest&gt;) : HttpServletRequest"/>
            <line num="65" count="1" type="stmt"/>
            <line num="68" count="1" visibility="private" complexity="1" type="method" signature="mock2(Class&lt;HttpServletResponse&gt;) : HttpServletResponse"/>
            <line num="69" count="1" type="stmt"/>
            <line num="72" testsuccess="true" count="1" visibility="public" complexity="1" type="method" testduration="0.0" signature="testSetEmployeeService() : void"/>
            <line num="74" count="1" type="stmt"/>
            <line num="75" count="1" type="stmt"/>
            <line num="78" testsuccess="true" count="1" visibility="public" complexity="2" type="method" testduration="0.016" signature="testOnsubmit() : void"/>
            <line num="80" count="1" type="stmt"/>
            <line num="81" count="1" type="stmt"/>
            <line num="82" count="1" type="stmt"/>
            <line num="83" count="1" type="stmt"/>
            <line num="84" count="1" type="stmt"/>
            <line num="85" count="1" type="stmt"/>
            <line num="86" count="1" type="stmt"/>
            <line num="87" count="1" type="stmt"/>
            <line num="88" count="1" type="stmt"/>
            <line num="89" count="1" type="stmt"/>
            <line num="90" count="1" type="stmt"/>
            <line num="91" count="1" type="stmt"/>
            <line num="92" count="1" type="stmt"/>
            <line num="93" count="1" type="stmt"/>
            <line num="94" count="1" type="stmt"/>
            <line num="95" count="1" type="stmt"/>
            <line num="96" count="1" type="stmt"/>
            <line num="97" count="1" type="stmt"/>
            <line num="99" count="0" type="stmt"/>
            <line num="100" count="0" type="stmt"/>
            <line num="102" count="1" type="stmt"/>
            <line num="105" testsuccess="true" count="1" visibility="public" complexity="1" type="method" testduration="0.0" signature="testOnsubmitCode() : void"/>
            <line num="107" count="1" type="stmt"/>
            <line num="108" count="1" type="stmt"/>
            <line num="109" count="1" type="stmt"/>
            <line num="110" count="1" type="stmt"/>
            <line num="111" count="1" type="stmt"/>
         </file>
      </package>
   </testproject>
</coverage>